# JRE version: Java(TM) SE Runtime Environment (8.0_25-b18) (build 1.8.0_25-b18)
# Java VM: Java HotSpot(TM) 64-Bit Server VM (25.25-b02 mixed mode windows-amd64 compressed oops)
Heap:
 PSYoungGen      total 316928K, used 61559K [0x00000000e0000000, 0x00000000f9a00000, 0x0000000100000000)
  eden space 256000K, 6% used [0x00000000e0000000,0x00000000e10f1a30,0x00000000efa00000)
  from space 60928K, 72% used [0x00000000efa00000,0x00000000f252c3b8,0x00000000f3580000)
  to   space 65024K, 0% used [0x00000000f5a80000,0x00000000f5a80000,0x00000000f9a00000)
 ParOldGen       total 180736K, used 124049K [0x00000000a0000000, 0x00000000ab080000, 0x00000000e0000000)
  object space 180736K, 68% used [0x00000000a0000000,0x00000000a7924688,0x00000000ab080000)
 Metaspace       used 76553K, capacity 79554K, committed 83584K, reserved 1122304K
  class space    used 9731K, capacity 10147K, committed 11136K, reserved 1048576K
GC Heap History (10 events):
Event: 16107.648 GC heap before
{Heap before GC invocations=38 (full 8):
 PSYoungGen      total 238080K, used 215552K [0x00000000e0000000, 0x00000000f0e80000, 0x0000000100000000)
  eden space 215552K, 100% used [0x00000000e0000000,0x00000000ed280000,0x00000000ed280000)
  from space 22528K, 0% used [0x00000000eee80000,0x00000000eee80000,0x00000000f0480000)
  to   space 28672K, 0% used [0x00000000ed280000,0x00000000ed280000,0x00000000eee80000)
 ParOldGen       total 180736K, used 95328K [0x00000000a0000000, 0x00000000ab080000, 0x00000000e0000000)
  object space 180736K, 52% used [0x00000000a0000000,0x00000000a5d18188,0x00000000ab080000)
 Metaspace       used 76298K, capacity 79300K, committed 83584K, reserved 1122304K
  class space    used 9707K, capacity 10106K, committed 11136K, reserved 1048576K
Event: 16107.741 GC heap after
Heap after GC invocations=38 (full 8):
 PSYoungGen      total 244224K, used 25536K [0x00000000e0000000, 0x00000000f2a00000, 0x0000000100000000)
  eden space 215552K, 0% used [0x00000000e0000000,0x00000000e0000000,0x00000000ed280000)
  from space 28672K, 89% used [0x00000000ed280000,0x00000000eeb701a8,0x00000000eee80000)
  to   space 32256K, 0% used [0x00000000f0a80000,0x00000000f0a80000,0x00000000f2a00000)
 ParOldGen       total 180736K, used 95336K [0x00000000a0000000, 0x00000000ab080000, 0x00000000e0000000)
  object space 180736K, 52% used [0x00000000a0000000,0x00000000a5d1a188,0x00000000ab080000)
 Metaspace       used 76298K, capacity 79300K, committed 83584K, reserved 1122304K
  class space    used 9707K, capacity 10106K, committed 11136K, reserved 1048576K
}
Event: 16108.630 GC heap before
{Heap before GC invocations=39 (full 8):
 PSYoungGen      total 244224K, used 241088K [0x00000000e0000000, 0x00000000f2a00000, 0x0000000100000000)
  eden space 215552K, 100% used [0x00000000e0000000,0x00000000ed280000,0x00000000ed280000)
  from space 28672K, 89% used [0x00000000ed280000,0x00000000eeb701a8,0x00000000eee80000)
  to   space 32256K, 0% used [0x00000000f0a80000,0x00000000f0a80000,0x00000000f2a00000)
 ParOldGen       total 180736K, used 95336K [0x00000000a0000000, 0x00000000ab080000, 0x00000000e0000000)
  object space 180736K, 52% used [0x00000000a0000000,0x00000000a5d1a188,0x00000000ab080000)
 Metaspace       used 76337K, capacity 79300K, committed 83584K, reserved 1122304K
  class space    used 9708K, capacity 10106K, committed 11136K, reserved 1048576K
Event: 16108.724 GC heap after
Heap after GC invocations=39 (full 8):
 PSYoungGen      total 262144K, used 32237K [0x00000000e0000000, 0x00000000f4180000, 0x0000000100000000)
  eden space 229888K, 0% used [0x00000000e0000000,0x00000000e0000000,0x00000000ee080000)
  from space 32256K, 99% used [0x00000000f0a80000,0x00000000f29fb770,0x00000000f2a00000)
  to   space 43008K, 0% used [0x00000000ee080000,0x00000000ee080000,0x00000000f0a80000)
 ParOldGen       total 180736K, used 110479K [0x00000000a0000000, 0x00000000ab080000, 0x00000000e0000000)
  object space 180736K, 61% used [0x00000000a0000000,0x00000000a6be3f18,0x00000000ab080000)
 Metaspace       used 76337K, capacity 79300K, committed 83584K, reserved 1122304K
  class space    used 9708K, capacity 10106K, committed 11136K, reserved 1048576K
}
Event: 16109.573 GC heap before
{Heap before GC invocations=40 (full 8):
 PSYoungGen      total 262144K, used 262125K [0x00000000e0000000, 0x00000000f4180000, 0x0000000100000000)
  eden space 229888K, 100% used [0x00000000e0000000,0x00000000ee080000,0x00000000ee080000)
  from space 32256K, 99% used [0x00000000f0a80000,0x00000000f29fb770,0x00000000f2a00000)
  to   space 43008K, 0% used [0x00000000ee080000,0x00000000ee080000,0x00000000f0a80000)
 ParOldGen       total 180736K, used 110479K [0x00000000a0000000, 0x00000000ab080000, 0x00000000e0000000)
  object space 180736K, 61% used [0x00000000a0000000,0x00000000a6be3f18,0x00000000ab080000)
 Metaspace       used 76349K, capacity 79300K, committed 83584K, reserved 1122304K
  class space    used 9708K, capacity 10106K, committed 11136K, reserved 1048576K
Event: 16109.676 GC heap after
Heap after GC invocations=40 (full 8):
 PSYoungGen      total 272896K, used 42990K [0x00000000e0000000, 0x00000000f6b80000, 0x0000000100000000)
  eden space 229888K, 0% used [0x00000000e0000000,0x00000000e0000000,0x00000000ee080000)
  from space 43008K, 99% used [0x00000000ee080000,0x00000000f0a7b900,0x00000000f0a80000)
  to   space 55296K, 0% used [0x00000000f3580000,0x00000000f3580000,0x00000000f6b80000)
 ParOldGen       total 180736K, used 124041K [0x00000000a0000000, 0x00000000ab080000, 0x00000000e0000000)
  object space 180736K, 68% used [0x00000000a0000000,0x00000000a7922688,0x00000000ab080000)
 Metaspace       used 76349K, capacity 79300K, committed 83584K, reserved 1122304K
  class space    used 9708K, capacity 10106K, committed 11136K, reserved 1048576K
}
Event: 16112.059 GC heap before
{Heap before GC invocations=41 (full 8):
 PSYoungGen      total 272896K, used 272878K [0x00000000e0000000, 0x00000000f6b80000, 0x0000000100000000)
  eden space 229888K, 100% used [0x00000000e0000000,0x00000000ee080000,0x00000000ee080000)
  from space 43008K, 99% used [0x00000000ee080000,0x00000000f0a7b900,0x00000000f0a80000)
  to   space 55296K, 0% used [0x00000000f3580000,0x00000000f3580000,0x00000000f6b80000)
 ParOldGen       total 180736K, used 124041K [0x00000000a0000000, 0x00000000ab080000, 0x00000000e0000000)
  object space 180736K, 68% used [0x00000000a0000000,0x00000000a7922688,0x00000000ab080000)
 Metaspace       used 76374K, capacity 79364K, committed 83584K, reserved 1122304K
  class space    used 9708K, capacity 10106K, committed 11136K, reserved 1048576K
Event: 16112.166 GC heap after
Heap after GC invocations=41 (full 8):
 PSYoungGen      total 311296K, used 46490K [0x00000000e0000000, 0x00000000f7480000, 0x0000000100000000)
  eden space 256000K, 0% used [0x00000000e0000000,0x00000000e0000000,0x00000000efa00000)
  from space 55296K, 84% used [0x00000000f3580000,0x00000000f62e6af0,0x00000000f6b80000)
  to   space 60928K, 0% used [0x00000000efa00000,0x00000000efa00000,0x00000000f3580000)
 ParOldGen       total 180736K, used 124041K [0x00000000a0000000, 0x00000000ab080000, 0x00000000e0000000)
  object space 180736K, 68% used [0x00000000a0000000,0x00000000a7922688,0x00000000ab080000)
 Metaspace       used 76374K, capacity 79364K, committed 83584K, reserved 1122304K
  class space    used 9708K, capacity 10106K, committed 11136K, reserved 1048576K
}
Event: 16114.366 GC heap before
{Heap before GC invocations=42 (full 8):
 PSYoungGen      total 311296K, used 302490K [0x00000000e0000000, 0x00000000f7480000, 0x0000000100000000)
  eden space 256000K, 100% used [0x00000000e0000000,0x00000000efa00000,0x00000000efa00000)
  from space 55296K, 84% used [0x00000000f3580000,0x00000000f62e6af0,0x00000000f6b80000)
  to   space 60928K, 0% used [0x00000000efa00000,0x00000000efa00000,0x00000000f3580000)
 ParOldGen       total 180736K, used 124041K [0x00000000a0000000, 0x00000000ab080000, 0x00000000e0000000)
  object space 180736K, 68% used [0x00000000a0000000,0x00000000a7922688,0x00000000ab080000)
 Metaspace       used 76413K, capacity 79378K, committed 83584K, reserved 1122304K
  class space    used 9710K, capacity 10109K, committed 11136K, reserved 1048576K
Event: 16114.548 GC heap after
Heap after GC invocations=42 (full 8):
 PSYoungGen      total 316928K, used 44208K [0x00000000e0000000, 0x00000000f9a00000, 0x0000000100000000)
  eden space 256000K, 0% used [0x00000000e0000000,0x00000000e0000000,0x00000000efa00000)
  from space 60928K, 72% used [0x00000000efa00000,0x00000000f252c3b8,0x00000000f3580000)
  to   space 65024K, 0% used [0x00000000f5a80000,0x00000000f5a80000,0x00000000f9a00000)
 ParOldGen       total 180736K, used 124049K [0x00000000a0000000, 0x00000000ab080000, 0x00000000e0000000)
  object space 180736K, 68% used [0x00000000a0000000,0x00000000a7924688,0x00000000ab080000)
 Metaspace       used 76413K, capacity 79378K, committed 83584K, reserved 1122304K
  class space    used 9710K, capacity 10109K, committed 11136K, reserved 1048576K
}

